<?xml version="1.0" encoding="UTF-8"?>
<testng-results ignored="0" total="1" passed="1" failed="0" skipped="0">
  <reporter-output>
  </reporter-output>
  <suite started-at="2023-11-11T14:57:12 IST" name="Default suite" finished-at="2023-11-11T14:57:14 IST" duration-ms="2686">
    <groups>
    </groups>
    <test started-at="2023-11-11T14:57:12 IST" name="Default test" finished-at="2023-11-11T14:57:14 IST" duration-ms="2686">
      <class name="SeleniumProject.SeleniumProject.PolicyTest">
        <test-method is-config="true" signature="beforeTest()[pri:0, instance:SeleniumProject.SeleniumProject.PolicyTest@49b0b76]" started-at="2023-11-11T14:57:12 IST" name="beforeTest" finished-at="2023-11-11T14:57:12 IST" duration-ms="8" status="PASS">
          <reporter-output>
          </reporter-output>
        </test-method> <!-- beforeTest -->
        <test-method signature="testGoogle()[pri:0, instance:SeleniumProject.SeleniumProject.PolicyTest@49b0b76]" started-at="2023-11-11T14:57:12 IST" name="testGoogle" finished-at="2023-11-11T14:57:14 IST" duration-ms="2639" status="PASS">
          <reporter-output>
          </reporter-output>
        </test-method> <!-- testGoogle -->
        <test-method is-config="true" signature="afterTest()[pri:0, instance:SeleniumProject.SeleniumProject.PolicyTest@49b0b76]" started-at="2023-11-11T14:57:14 IST" name="afterTest" finished-at="2023-11-11T14:57:14 IST" duration-ms="1" status="PASS">
          <reporter-output>
          </reporter-output>
        </test-method> <!-- afterTest -->
      </class> <!-- SeleniumProject.SeleniumProject.PolicyTest -->
    </test> <!-- Default test -->
  </suite> <!-- Default suite -->
</testng-results>
